<?xml version="1.0" encoding="UTF-8"?>
<!-- Generated by org.testng.reporters.JUnitXMLReporter -->
<testsuite hostname="paky-HP" name="RegistrationPageTest" tests="6" failures="0" timestamp="7 Mar 2019 21:03:34 GMT" time="140.338" errors="0">
  <testcase name="negativeRegistrationTest" time="15.738" classname="com.phptravels.RegistrationPageTest"/>
  <testcase name="negativeRegistrationTest" time="13.019" classname="com.phptravels.RegistrationPageTest"/>
  <testcase name="negativeRegistrationTest" time="16.13" classname="com.phptravels.RegistrationPageTest"/>
  <testcase name="negativeRegistrationTest" time="9.71" classname="com.phptravels.RegistrationPageTest"/>
  <testcase name="possitiveRegistrationTest" time="17.229" classname="com.phptravels.RegistrationPageTest"/>
  <testcase name="possitiveRegistrationTest" time="28.438" classname="com.phptravels.RegistrationPageTest"/>
</testsuite> <!-- RegistrationPageTest -->
