<?xml version="1.0" encoding="UTF-8"?>
<!-- Generated by org.testng.reporters.JUnitXMLReporter -->
<testsuite hostname="paky-HP" name="Test" tests="5" failures="0" timestamp="7 Mar 2019 12:13:37 GMT" time="334.358" errors="0">
  <testcase name="possitiveRegistrationTest" time="0.012" classname="com.phptravels.RegistrationPageTest">
    <skipped/>
  </testcase> <!-- possitiveRegistrationTest -->
  <testcase name="negativeRegistrationTest" time="92.354" classname="com.phptravels.RegistrationPageTest"/>
  <testcase name="negativeRegistrationTest" time="36.786" classname="com.phptravels.RegistrationPageTest"/>
  <testcase name="negativeRegistrationTest" time="79.124" classname="com.phptravels.RegistrationPageTest"/>
  <testcase name="negativeRegistrationTest" time="65.299" classname="com.phptravels.RegistrationPageTest"/>
</testsuite> <!-- Test -->
